The system is: Linux - 6.5.0-17-generic - x86_64
Compiling the C compiler identification source file "CMakeCCompilerId.c" succeeded.
Compiler: /usr/bin/cc 
Build flags: 
Id flags:  

The output was:
0


Compilation of the C compiler identification source "CMakeCCompilerId.c" produced "a.out"

The C compiler identification is GNU, found in "/home/berry/Downloads/libxml2/build/CMakeFiles/3.22.1/CompilerIdC/a.out"

Detecting C compiler ABI info compiled with the following output:
Change Dir: /home/berry/Downloads/libxml2/build/CMakeFiles/CMakeTmp

Run Build Command(s):/usr/bin/gmake -f Makefile cmTC_e06a6/fast && /usr/bin/gmake  -f CMakeFiles/cmTC_e06a6.dir/build.make CMakeFiles/cmTC_e06a6.dir/build
gmake[1]: Entering directory '/home/berry/Downloads/libxml2/build/CMakeFiles/CMakeTmp'
Building C object CMakeFiles/cmTC_e06a6.dir/CMakeCCompilerABI.c.o
/usr/bin/cc   -v -o CMakeFiles/cmTC_e06a6.dir/CMakeCCompilerABI.c.o -c /usr/share/cmake-3.22/Modules/CMakeCCompilerABI.c
Using built-in specs.
COLLECT_GCC=/usr/bin/cc
OFFLOAD_TARGET_NAMES=nvptx-none:amdgcn-amdhsa
OFFLOAD_TARGET_DEFAULT=1
Target: x86_64-linux-gnu
Configured with: ../src/configure -v --with-pkgversion='Ubuntu 11.4.0-1ubuntu1~22.04' --with-bugurl=file:///usr/share/doc/gcc-11/README.Bugs --enable-languages=c,ada,c++,go,brig,d,fortran,objc,obj-c++,m2 --prefix=/usr --with-gcc-major-version-only --program-suffix=-11 --program-prefix=x86_64-linux-gnu- --enable-shared --enable-linker-build-id --libexecdir=/usr/lib --without-included-gettext --enable-threads=posix --libdir=/usr/lib --enable-nls --enable-bootstrap --enable-clocale=gnu --enable-libstdcxx-debug --enable-libstdcxx-time=yes --with-default-libstdcxx-abi=new --enable-gnu-unique-object --disable-vtable-verify --enable-plugin --enable-default-pie --with-system-zlib --enable-libphobos-checking=release --with-target-system-zlib=auto --enable-objc-gc=auto --enable-multiarch --disable-werror --enable-cet --with-arch-32=i686 --with-abi=m64 --with-multilib-list=m32,m64,mx32 --enable-multilib --with-tune=generic --enable-offload-targets=nvptx-none=/build/gcc-11-XeT9lY/gcc-11-11.4.0/debian/tmp-nvptx/usr,amdgcn-amdhsa=/build/gcc-11-XeT9lY/gcc-11-11.4.0/debian/tmp-gcn/usr --without-cuda-driver --enable-checking=release --build=x86_64-linux-gnu --host=x86_64-linux-gnu --target=x86_64-linux-gnu --with-build-config=bootstrap-lto-lean --enable-link-serialization=2
Thread model: posix
Supported LTO compression algorithms: zlib zstd
gcc version 11.4.0 (Ubuntu 11.4.0-1ubuntu1~22.04) 
COLLECT_GCC_OPTIONS='-v' '-o' 'CMakeFiles/cmTC_e06a6.dir/CMakeCCompilerABI.c.o' '-c' '-mtune=generic' '-march=x86-64' '-dumpdir' 'CMakeFiles/cmTC_e06a6.dir/'
 /usr/lib/gcc/x86_64-linux-gnu/11/cc1 -quiet -v -imultiarch x86_64-linux-gnu /usr/share/cmake-3.22/Modules/CMakeCCompilerABI.c -quiet -dumpdir CMakeFiles/cmTC_e06a6.dir/ -dumpbase CMakeCCompilerABI.c.c -dumpbase-ext .c -mtune=generic -march=x86-64 -version -fasynchronous-unwind-tables -fstack-protector-strong -Wformat -Wformat-security -fstack-clash-protection -fcf-protection -o /tmp/ccQSfKyD.s
GNU C17 (Ubuntu 11.4.0-1ubuntu1~22.04) version 11.4.0 (x86_64-linux-gnu)
	compiled by GNU C version 11.4.0, GMP version 6.2.1, MPFR version 4.1.0, MPC version 1.2.1, isl version isl-0.24-GMP

GGC heuristics: --param ggc-min-expand=100 --param ggc-min-heapsize=131072
ignoring nonexistent directory "/usr/local/include/x86_64-linux-gnu"
ignoring nonexistent directory "/usr/lib/gcc/x86_64-linux-gnu/11/include-fixed"
ignoring nonexistent directory "/usr/lib/gcc/x86_64-linux-gnu/11/../../../../x86_64-linux-gnu/include"
#include "..." search starts here:
#include <...> search starts here:
 /usr/lib/gcc/x86_64-linux-gnu/11/include
 /usr/local/include
 /usr/include/x86_64-linux-gnu
 /usr/include
End of search list.
GNU C17 (Ubuntu 11.4.0-1ubuntu1~22.04) version 11.4.0 (x86_64-linux-gnu)
	compiled by GNU C version 11.4.0, GMP version 6.2.1, MPFR version 4.1.0, MPC version 1.2.1, isl version isl-0.24-GMP

GGC heuristics: --param ggc-min-expand=100 --param ggc-min-heapsize=131072
Compiler executable checksum: 50eaa2331df977b8016186198deb2d18
COLLECT_GCC_OPTIONS='-v' '-o' 'CMakeFiles/cmTC_e06a6.dir/CMakeCCompilerABI.c.o' '-c' '-mtune=generic' '-march=x86-64' '-dumpdir' 'CMakeFiles/cmTC_e06a6.dir/'
 as -v --64 -o CMakeFiles/cmTC_e06a6.dir/CMakeCCompilerABI.c.o /tmp/ccQSfKyD.s
GNU assembler version 2.38 (x86_64-linux-gnu) using BFD version (GNU Binutils for Ubuntu) 2.38
COMPILER_PATH=/usr/lib/gcc/x86_64-linux-gnu/11/:/usr/lib/gcc/x86_64-linux-gnu/11/:/usr/lib/gcc/x86_64-linux-gnu/:/usr/lib/gcc/x86_64-linux-gnu/11/:/usr/lib/gcc/x86_64-linux-gnu/
LIBRARY_PATH=/usr/lib/gcc/x86_64-linux-gnu/11/:/usr/lib/gcc/x86_64-linux-gnu/11/../../../x86_64-linux-gnu/:/usr/lib/gcc/x86_64-linux-gnu/11/../../../../lib/:/lib/x86_64-linux-gnu/:/lib/../lib/:/usr/lib/x86_64-linux-gnu/:/usr/lib/../lib/:/usr/lib/gcc/x86_64-linux-gnu/11/../../../:/lib/:/usr/lib/
COLLECT_GCC_OPTIONS='-v' '-o' 'CMakeFiles/cmTC_e06a6.dir/CMakeCCompilerABI.c.o' '-c' '-mtune=generic' '-march=x86-64' '-dumpdir' 'CMakeFiles/cmTC_e06a6.dir/CMakeCCompilerABI.c.'
Linking C executable cmTC_e06a6
/usr/bin/cmake -E cmake_link_script CMakeFiles/cmTC_e06a6.dir/link.txt --verbose=1
/usr/bin/cc  -v CMakeFiles/cmTC_e06a6.dir/CMakeCCompilerABI.c.o -o cmTC_e06a6 
Using built-in specs.
COLLECT_GCC=/usr/bin/cc
COLLECT_LTO_WRAPPER=/usr/lib/gcc/x86_64-linux-gnu/11/lto-wrapper
OFFLOAD_TARGET_NAMES=nvptx-none:amdgcn-amdhsa
OFFLOAD_TARGET_DEFAULT=1
Target: x86_64-linux-gnu
Configured with: ../src/configure -v --with-pkgversion='Ubuntu 11.4.0-1ubuntu1~22.04' --with-bugurl=file:///usr/share/doc/gcc-11/README.Bugs --enable-languages=c,ada,c++,go,brig,d,fortran,objc,obj-c++,m2 --prefix=/usr --with-gcc-major-version-only --program-suffix=-11 --program-prefix=x86_64-linux-gnu- --enable-shared --enable-linker-build-id --libexecdir=/usr/lib --without-included-gettext --enable-threads=posix --libdir=/usr/lib --enable-nls --enable-bootstrap --enable-clocale=gnu --enable-libstdcxx-debug --enable-libstdcxx-time=yes --with-default-libstdcxx-abi=new --enable-gnu-unique-object --disable-vtable-verify --enable-plugin --enable-default-pie --with-system-zlib --enable-libphobos-checking=release --with-target-system-zlib=auto --enable-objc-gc=auto --enable-multiarch --disable-werror --enable-cet --with-arch-32=i686 --with-abi=m64 --with-multilib-list=m32,m64,mx32 --enable-multilib --with-tune=generic --enable-offload-targets=nvptx-none=/build/gcc-11-XeT9lY/gcc-11-11.4.0/debian/tmp-nvptx/usr,amdgcn-amdhsa=/build/gcc-11-XeT9lY/gcc-11-11.4.0/debian/tmp-gcn/usr --without-cuda-driver --enable-checking=release --build=x86_64-linux-gnu --host=x86_64-linux-gnu --target=x86_64-linux-gnu --with-build-config=bootstrap-lto-lean --enable-link-serialization=2
Thread model: posix
Supported LTO compression algorithms: zlib zstd
gcc version 11.4.0 (Ubuntu 11.4.0-1ubuntu1~22.04) 
COMPILER_PATH=/usr/lib/gcc/x86_64-linux-gnu/11/:/usr/lib/gcc/x86_64-linux-gnu/11/:/usr/lib/gcc/x86_64-linux-gnu/:/usr/lib/gcc/x86_64-linux-gnu/11/:/usr/lib/gcc/x86_64-linux-gnu/
LIBRARY_PATH=/usr/lib/gcc/x86_64-linux-gnu/11/:/usr/lib/gcc/x86_64-linux-gnu/11/../../../x86_64-linux-gnu/:/usr/lib/gcc/x86_64-linux-gnu/11/../../../../lib/:/lib/x86_64-linux-gnu/:/lib/../lib/:/usr/lib/x86_64-linux-gnu/:/usr/lib/../lib/:/usr/lib/gcc/x86_64-linux-gnu/11/../../../:/lib/:/usr/lib/
COLLECT_GCC_OPTIONS='-v' '-o' 'cmTC_e06a6' '-mtune=generic' '-march=x86-64' '-dumpdir' 'cmTC_e06a6.'
 /usr/lib/gcc/x86_64-linux-gnu/11/collect2 -plugin /usr/lib/gcc/x86_64-linux-gnu/11/liblto_plugin.so -plugin-opt=/usr/lib/gcc/x86_64-linux-gnu/11/lto-wrapper -plugin-opt=-fresolution=/tmp/ccZQjnyY.res -plugin-opt=-pass-through=-lgcc -plugin-opt=-pass-through=-lgcc_s -plugin-opt=-pass-through=-lc -plugin-opt=-pass-through=-lgcc -plugin-opt=-pass-through=-lgcc_s --build-id --eh-frame-hdr -m elf_x86_64 --hash-style=gnu --as-needed -dynamic-linker /lib64/ld-linux-x86-64.so.2 -pie -z now -z relro -o cmTC_e06a6 /usr/lib/gcc/x86_64-linux-gnu/11/../../../x86_64-linux-gnu/Scrt1.o /usr/lib/gcc/x86_64-linux-gnu/11/../../../x86_64-linux-gnu/crti.o /usr/lib/gcc/x86_64-linux-gnu/11/crtbeginS.o -L/usr/lib/gcc/x86_64-linux-gnu/11 -L/usr/lib/gcc/x86_64-linux-gnu/11/../../../x86_64-linux-gnu -L/usr/lib/gcc/x86_64-linux-gnu/11/../../../../lib -L/lib/x86_64-linux-gnu -L/lib/../lib -L/usr/lib/x86_64-linux-gnu -L/usr/lib/../lib -L/usr/lib/gcc/x86_64-linux-gnu/11/../../.. CMakeFiles/cmTC_e06a6.dir/CMakeCCompilerABI.c.o -lgcc --push-state --as-needed -lgcc_s --pop-state -lc -lgcc --push-state --as-needed -lgcc_s --pop-state /usr/lib/gcc/x86_64-linux-gnu/11/crtendS.o /usr/lib/gcc/x86_64-linux-gnu/11/../../../x86_64-linux-gnu/crtn.o
COLLECT_GCC_OPTIONS='-v' '-o' 'cmTC_e06a6' '-mtune=generic' '-march=x86-64' '-dumpdir' 'cmTC_e06a6.'
gmake[1]: Leaving directory '/home/berry/Downloads/libxml2/build/CMakeFiles/CMakeTmp'



Parsed C implicit include dir info from above output: rv=done
  found start of include info
  found start of implicit include info
    add: [/usr/lib/gcc/x86_64-linux-gnu/11/include]
    add: [/usr/local/include]
    add: [/usr/include/x86_64-linux-gnu]
    add: [/usr/include]
  end of search list found
  collapse include dir [/usr/lib/gcc/x86_64-linux-gnu/11/include] ==> [/usr/lib/gcc/x86_64-linux-gnu/11/include]
  collapse include dir [/usr/local/include] ==> [/usr/local/include]
  collapse include dir [/usr/include/x86_64-linux-gnu] ==> [/usr/include/x86_64-linux-gnu]
  collapse include dir [/usr/include] ==> [/usr/include]
  implicit include dirs: [/usr/lib/gcc/x86_64-linux-gnu/11/include;/usr/local/include;/usr/include/x86_64-linux-gnu;/usr/include]


Parsed C implicit link information from above output:
  link line regex: [^( *|.*[/\])(ld|CMAKE_LINK_STARTFILE-NOTFOUND|([^/\]+-)?ld|collect2)[^/\]*( |$)]
  ignore line: [Change Dir: /home/berry/Downloads/libxml2/build/CMakeFiles/CMakeTmp]
  ignore line: []
  ignore line: [Run Build Command(s):/usr/bin/gmake -f Makefile cmTC_e06a6/fast && /usr/bin/gmake  -f CMakeFiles/cmTC_e06a6.dir/build.make CMakeFiles/cmTC_e06a6.dir/build]
  ignore line: [gmake[1]: Entering directory '/home/berry/Downloads/libxml2/build/CMakeFiles/CMakeTmp']
  ignore line: [Building C object CMakeFiles/cmTC_e06a6.dir/CMakeCCompilerABI.c.o]
  ignore line: [/usr/bin/cc   -v -o CMakeFiles/cmTC_e06a6.dir/CMakeCCompilerABI.c.o -c /usr/share/cmake-3.22/Modules/CMakeCCompilerABI.c]
  ignore line: [Using built-in specs.]
  ignore line: [COLLECT_GCC=/usr/bin/cc]
  ignore line: [OFFLOAD_TARGET_NAMES=nvptx-none:amdgcn-amdhsa]
  ignore line: [OFFLOAD_TARGET_DEFAULT=1]
  ignore line: [Target: x86_64-linux-gnu]
  ignore line: [Configured with: ../src/configure -v --with-pkgversion='Ubuntu 11.4.0-1ubuntu1~22.04' --with-bugurl=file:///usr/share/doc/gcc-11/README.Bugs --enable-languages=c ada c++ go brig d fortran objc obj-c++ m2 --prefix=/usr --with-gcc-major-version-only --program-suffix=-11 --program-prefix=x86_64-linux-gnu- --enable-shared --enable-linker-build-id --libexecdir=/usr/lib --without-included-gettext --enable-threads=posix --libdir=/usr/lib --enable-nls --enable-bootstrap --enable-clocale=gnu --enable-libstdcxx-debug --enable-libstdcxx-time=yes --with-default-libstdcxx-abi=new --enable-gnu-unique-object --disable-vtable-verify --enable-plugin --enable-default-pie --with-system-zlib --enable-libphobos-checking=release --with-target-system-zlib=auto --enable-objc-gc=auto --enable-multiarch --disable-werror --enable-cet --with-arch-32=i686 --with-abi=m64 --with-multilib-list=m32 m64 mx32 --enable-multilib --with-tune=generic --enable-offload-targets=nvptx-none=/build/gcc-11-XeT9lY/gcc-11-11.4.0/debian/tmp-nvptx/usr amdgcn-amdhsa=/build/gcc-11-XeT9lY/gcc-11-11.4.0/debian/tmp-gcn/usr --without-cuda-driver --enable-checking=release --build=x86_64-linux-gnu --host=x86_64-linux-gnu --target=x86_64-linux-gnu --with-build-config=bootstrap-lto-lean --enable-link-serialization=2]
  ignore line: [Thread model: posix]
  ignore line: [Supported LTO compression algorithms: zlib zstd]
  ignore line: [gcc version 11.4.0 (Ubuntu 11.4.0-1ubuntu1~22.04) ]
  ignore line: [COLLECT_GCC_OPTIONS='-v' '-o' 'CMakeFiles/cmTC_e06a6.dir/CMakeCCompilerABI.c.o' '-c' '-mtune=generic' '-march=x86-64' '-dumpdir' 'CMakeFiles/cmTC_e06a6.dir/']
  ignore line: [ /usr/lib/gcc/x86_64-linux-gnu/11/cc1 -quiet -v -imultiarch x86_64-linux-gnu /usr/share/cmake-3.22/Modules/CMakeCCompilerABI.c -quiet -dumpdir CMakeFiles/cmTC_e06a6.dir/ -dumpbase CMakeCCompilerABI.c.c -dumpbase-ext .c -mtune=generic -march=x86-64 -version -fasynchronous-unwind-tables -fstack-protector-strong -Wformat -Wformat-security -fstack-clash-protection -fcf-protection -o /tmp/ccQSfKyD.s]
  ignore line: [GNU C17 (Ubuntu 11.4.0-1ubuntu1~22.04) version 11.4.0 (x86_64-linux-gnu)]
  ignore line: [	compiled by GNU C version 11.4.0  GMP version 6.2.1  MPFR version 4.1.0  MPC version 1.2.1  isl version isl-0.24-GMP]
  ignore line: []
  ignore line: [GGC heuristics: --param ggc-min-expand=100 --param ggc-min-heapsize=131072]
  ignore line: [ignoring nonexistent directory "/usr/local/include/x86_64-linux-gnu"]
  ignore line: [ignoring nonexistent directory "/usr/lib/gcc/x86_64-linux-gnu/11/include-fixed"]
  ignore line: [ignoring nonexistent directory "/usr/lib/gcc/x86_64-linux-gnu/11/../../../../x86_64-linux-gnu/include"]
  ignore line: [#include "..." search starts here:]
  ignore line: [#include <...> search starts here:]
  ignore line: [ /usr/lib/gcc/x86_64-linux-gnu/11/include]
  ignore line: [ /usr/local/include]
  ignore line: [ /usr/include/x86_64-linux-gnu]
  ignore line: [ /usr/include]
  ignore line: [End of search list.]
  ignore line: [GNU C17 (Ubuntu 11.4.0-1ubuntu1~22.04) version 11.4.0 (x86_64-linux-gnu)]
  ignore line: [	compiled by GNU C version 11.4.0  GMP version 6.2.1  MPFR version 4.1.0  MPC version 1.2.1  isl version isl-0.24-GMP]
  ignore line: []
  ignore line: [GGC heuristics: --param ggc-min-expand=100 --param ggc-min-heapsize=131072]
  ignore line: [Compiler executable checksum: 50eaa2331df977b8016186198deb2d18]
  ignore line: [COLLECT_GCC_OPTIONS='-v' '-o' 'CMakeFiles/cmTC_e06a6.dir/CMakeCCompilerABI.c.o' '-c' '-mtune=generic' '-march=x86-64' '-dumpdir' 'CMakeFiles/cmTC_e06a6.dir/']
  ignore line: [ as -v --64 -o CMakeFiles/cmTC_e06a6.dir/CMakeCCompilerABI.c.o /tmp/ccQSfKyD.s]
  ignore line: [GNU assembler version 2.38 (x86_64-linux-gnu) using BFD version (GNU Binutils for Ubuntu) 2.38]
  ignore line: [COMPILER_PATH=/usr/lib/gcc/x86_64-linux-gnu/11/:/usr/lib/gcc/x86_64-linux-gnu/11/:/usr/lib/gcc/x86_64-linux-gnu/:/usr/lib/gcc/x86_64-linux-gnu/11/:/usr/lib/gcc/x86_64-linux-gnu/]
  ignore line: [LIBRARY_PATH=/usr/lib/gcc/x86_64-linux-gnu/11/:/usr/lib/gcc/x86_64-linux-gnu/11/../../../x86_64-linux-gnu/:/usr/lib/gcc/x86_64-linux-gnu/11/../../../../lib/:/lib/x86_64-linux-gnu/:/lib/../lib/:/usr/lib/x86_64-linux-gnu/:/usr/lib/../lib/:/usr/lib/gcc/x86_64-linux-gnu/11/../../../:/lib/:/usr/lib/]
  ignore line: [COLLECT_GCC_OPTIONS='-v' '-o' 'CMakeFiles/cmTC_e06a6.dir/CMakeCCompilerABI.c.o' '-c' '-mtune=generic' '-march=x86-64' '-dumpdir' 'CMakeFiles/cmTC_e06a6.dir/CMakeCCompilerABI.c.']
  ignore line: [Linking C executable cmTC_e06a6]
  ignore line: [/usr/bin/cmake -E cmake_link_script CMakeFiles/cmTC_e06a6.dir/link.txt --verbose=1]
  ignore line: [/usr/bin/cc  -v CMakeFiles/cmTC_e06a6.dir/CMakeCCompilerABI.c.o -o cmTC_e06a6 ]
  ignore line: [Using built-in specs.]
  ignore line: [COLLECT_GCC=/usr/bin/cc]
  ignore line: [COLLECT_LTO_WRAPPER=/usr/lib/gcc/x86_64-linux-gnu/11/lto-wrapper]
  ignore line: [OFFLOAD_TARGET_NAMES=nvptx-none:amdgcn-amdhsa]
  ignore line: [OFFLOAD_TARGET_DEFAULT=1]
  ignore line: [Target: x86_64-linux-gnu]
  ignore line: [Configured with: ../src/configure -v --with-pkgversion='Ubuntu 11.4.0-1ubuntu1~22.04' --with-bugurl=file:///usr/share/doc/gcc-11/README.Bugs --enable-languages=c ada c++ go brig d fortran objc obj-c++ m2 --prefix=/usr --with-gcc-major-version-only --program-suffix=-11 --program-prefix=x86_64-linux-gnu- --enable-shared --enable-linker-build-id --libexecdir=/usr/lib --without-included-gettext --enable-threads=posix --libdir=/usr/lib --enable-nls --enable-bootstrap --enable-clocale=gnu --enable-libstdcxx-debug --enable-libstdcxx-time=yes --with-default-libstdcxx-abi=new --enable-gnu-unique-object --disable-vtable-verify --enable-plugin --enable-default-pie --with-system-zlib --enable-libphobos-checking=release --with-target-system-zlib=auto --enable-objc-gc=auto --enable-multiarch --disable-werror --enable-cet --with-arch-32=i686 --with-abi=m64 --with-multilib-list=m32 m64 mx32 --enable-multilib --with-tune=generic --enable-offload-targets=nvptx-none=/build/gcc-11-XeT9lY/gcc-11-11.4.0/debian/tmp-nvptx/usr amdgcn-amdhsa=/build/gcc-11-XeT9lY/gcc-11-11.4.0/debian/tmp-gcn/usr --without-cuda-driver --enable-checking=release --build=x86_64-linux-gnu --host=x86_64-linux-gnu --target=x86_64-linux-gnu --with-build-config=bootstrap-lto-lean --enable-link-serialization=2]
  ignore line: [Thread model: posix]
  ignore line: [Supported LTO compression algorithms: zlib zstd]
  ignore line: [gcc version 11.4.0 (Ubuntu 11.4.0-1ubuntu1~22.04) ]
  ignore line: [COMPILER_PATH=/usr/lib/gcc/x86_64-linux-gnu/11/:/usr/lib/gcc/x86_64-linux-gnu/11/:/usr/lib/gcc/x86_64-linux-gnu/:/usr/lib/gcc/x86_64-linux-gnu/11/:/usr/lib/gcc/x86_64-linux-gnu/]
  ignore line: [LIBRARY_PATH=/usr/lib/gcc/x86_64-linux-gnu/11/:/usr/lib/gcc/x86_64-linux-gnu/11/../../../x86_64-linux-gnu/:/usr/lib/gcc/x86_64-linux-gnu/11/../../../../lib/:/lib/x86_64-linux-gnu/:/lib/../lib/:/usr/lib/x86_64-linux-gnu/:/usr/lib/../lib/:/usr/lib/gcc/x86_64-linux-gnu/11/../../../:/lib/:/usr/lib/]
  ignore line: [COLLECT_GCC_OPTIONS='-v' '-o' 'cmTC_e06a6' '-mtune=generic' '-march=x86-64' '-dumpdir' 'cmTC_e06a6.']
  link line: [ /usr/lib/gcc/x86_64-linux-gnu/11/collect2 -plugin /usr/lib/gcc/x86_64-linux-gnu/11/liblto_plugin.so -plugin-opt=/usr/lib/gcc/x86_64-linux-gnu/11/lto-wrapper -plugin-opt=-fresolution=/tmp/ccZQjnyY.res -plugin-opt=-pass-through=-lgcc -plugin-opt=-pass-through=-lgcc_s -plugin-opt=-pass-through=-lc -plugin-opt=-pass-through=-lgcc -plugin-opt=-pass-through=-lgcc_s --build-id --eh-frame-hdr -m elf_x86_64 --hash-style=gnu --as-needed -dynamic-linker /lib64/ld-linux-x86-64.so.2 -pie -z now -z relro -o cmTC_e06a6 /usr/lib/gcc/x86_64-linux-gnu/11/../../../x86_64-linux-gnu/Scrt1.o /usr/lib/gcc/x86_64-linux-gnu/11/../../../x86_64-linux-gnu/crti.o /usr/lib/gcc/x86_64-linux-gnu/11/crtbeginS.o -L/usr/lib/gcc/x86_64-linux-gnu/11 -L/usr/lib/gcc/x86_64-linux-gnu/11/../../../x86_64-linux-gnu -L/usr/lib/gcc/x86_64-linux-gnu/11/../../../../lib -L/lib/x86_64-linux-gnu -L/lib/../lib -L/usr/lib/x86_64-linux-gnu -L/usr/lib/../lib -L/usr/lib/gcc/x86_64-linux-gnu/11/../../.. CMakeFiles/cmTC_e06a6.dir/CMakeCCompilerABI.c.o -lgcc --push-state --as-needed -lgcc_s --pop-state -lc -lgcc --push-state --as-needed -lgcc_s --pop-state /usr/lib/gcc/x86_64-linux-gnu/11/crtendS.o /usr/lib/gcc/x86_64-linux-gnu/11/../../../x86_64-linux-gnu/crtn.o]
    arg [/usr/lib/gcc/x86_64-linux-gnu/11/collect2] ==> ignore
    arg [-plugin] ==> ignore
    arg [/usr/lib/gcc/x86_64-linux-gnu/11/liblto_plugin.so] ==> ignore
    arg [-plugin-opt=/usr/lib/gcc/x86_64-linux-gnu/11/lto-wrapper] ==> ignore
    arg [-plugin-opt=-fresolution=/tmp/ccZQjnyY.res] ==> ignore
    arg [-plugin-opt=-pass-through=-lgcc] ==> ignore
    arg [-plugin-opt=-pass-through=-lgcc_s] ==> ignore
    arg [-plugin-opt=-pass-through=-lc] ==> ignore
    arg [-plugin-opt=-pass-through=-lgcc] ==> ignore
    arg [-plugin-opt=-pass-through=-lgcc_s] ==> ignore
    arg [--build-id] ==> ignore
    arg [--eh-frame-hdr] ==> ignore
    arg [-m] ==> ignore
    arg [elf_x86_64] ==> ignore
    arg [--hash-style=gnu] ==> ignore
    arg [--as-needed] ==> ignore
    arg [-dynamic-linker] ==> ignore
    arg [/lib64/ld-linux-x86-64.so.2] ==> ignore
    arg [-pie] ==> ignore
    arg [-znow] ==> ignore
    arg [-zrelro] ==> ignore
    arg [-o] ==> ignore
    arg [cmTC_e06a6] ==> ignore
    arg [/usr/lib/gcc/x86_64-linux-gnu/11/../../../x86_64-linux-gnu/Scrt1.o] ==> obj [/usr/lib/gcc/x86_64-linux-gnu/11/../../../x86_64-linux-gnu/Scrt1.o]
    arg [/usr/lib/gcc/x86_64-linux-gnu/11/../../../x86_64-linux-gnu/crti.o] ==> obj [/usr/lib/gcc/x86_64-linux-gnu/11/../../../x86_64-linux-gnu/crti.o]
    arg [/usr/lib/gcc/x86_64-linux-gnu/11/crtbeginS.o] ==> obj [/usr/lib/gcc/x86_64-linux-gnu/11/crtbeginS.o]
    arg [-L/usr/lib/gcc/x86_64-linux-gnu/11] ==> dir [/usr/lib/gcc/x86_64-linux-gnu/11]
    arg [-L/usr/lib/gcc/x86_64-linux-gnu/11/../../../x86_64-linux-gnu] ==> dir [/usr/lib/gcc/x86_64-linux-gnu/11/../../../x86_64-linux-gnu]
    arg [-L/usr/lib/gcc/x86_64-linux-gnu/11/../../../../lib] ==> dir [/usr/lib/gcc/x86_64-linux-gnu/11/../../../../lib]
    arg [-L/lib/x86_64-linux-gnu] ==> dir [/lib/x86_64-linux-gnu]
    arg [-L/lib/../lib] ==> dir [/lib/../lib]
    arg [-L/usr/lib/x86_64-linux-gnu] ==> dir [/usr/lib/x86_64-linux-gnu]
    arg [-L/usr/lib/../lib] ==> dir [/usr/lib/../lib]
    arg [-L/usr/lib/gcc/x86_64-linux-gnu/11/../../..] ==> dir [/usr/lib/gcc/x86_64-linux-gnu/11/../../..]
    arg [CMakeFiles/cmTC_e06a6.dir/CMakeCCompilerABI.c.o] ==> ignore
    arg [-lgcc] ==> lib [gcc]
    arg [--push-state] ==> ignore
    arg [--as-needed] ==> ignore
    arg [-lgcc_s] ==> lib [gcc_s]
    arg [--pop-state] ==> ignore
    arg [-lc] ==> lib [c]
    arg [-lgcc] ==> lib [gcc]
    arg [--push-state] ==> ignore
    arg [--as-needed] ==> ignore
    arg [-lgcc_s] ==> lib [gcc_s]
    arg [--pop-state] ==> ignore
    arg [/usr/lib/gcc/x86_64-linux-gnu/11/crtendS.o] ==> obj [/usr/lib/gcc/x86_64-linux-gnu/11/crtendS.o]
    arg [/usr/lib/gcc/x86_64-linux-gnu/11/../../../x86_64-linux-gnu/crtn.o] ==> obj [/usr/lib/gcc/x86_64-linux-gnu/11/../../../x86_64-linux-gnu/crtn.o]
  collapse obj [/usr/lib/gcc/x86_64-linux-gnu/11/../../../x86_64-linux-gnu/Scrt1.o] ==> [/usr/lib/x86_64-linux-gnu/Scrt1.o]
  collapse obj [/usr/lib/gcc/x86_64-linux-gnu/11/../../../x86_64-linux-gnu/crti.o] ==> [/usr/lib/x86_64-linux-gnu/crti.o]
  collapse obj [/usr/lib/gcc/x86_64-linux-gnu/11/../../../x86_64-linux-gnu/crtn.o] ==> [/usr/lib/x86_64-linux-gnu/crtn.o]
  collapse library dir [/usr/lib/gcc/x86_64-linux-gnu/11] ==> [/usr/lib/gcc/x86_64-linux-gnu/11]
  collapse library dir [/usr/lib/gcc/x86_64-linux-gnu/11/../../../x86_64-linux-gnu] ==> [/usr/lib/x86_64-linux-gnu]
  collapse library dir [/usr/lib/gcc/x86_64-linux-gnu/11/../../../../lib] ==> [/usr/lib]
  collapse library dir [/lib/x86_64-linux-gnu] ==> [/lib/x86_64-linux-gnu]
  collapse library dir [/lib/../lib] ==> [/lib]
  collapse library dir [/usr/lib/x86_64-linux-gnu] ==> [/usr/lib/x86_64-linux-gnu]
  collapse library dir [/usr/lib/../lib] ==> [/usr/lib]
  collapse library dir [/usr/lib/gcc/x86_64-linux-gnu/11/../../..] ==> [/usr/lib]
  implicit libs: [gcc;gcc_s;c;gcc;gcc_s]
  implicit objs: [/usr/lib/x86_64-linux-gnu/Scrt1.o;/usr/lib/x86_64-linux-gnu/crti.o;/usr/lib/gcc/x86_64-linux-gnu/11/crtbeginS.o;/usr/lib/gcc/x86_64-linux-gnu/11/crtendS.o;/usr/lib/x86_64-linux-gnu/crtn.o]
  implicit dirs: [/usr/lib/gcc/x86_64-linux-gnu/11;/usr/lib/x86_64-linux-gnu;/usr/lib;/lib/x86_64-linux-gnu;/lib]
  implicit fwks: []


Determining if files unistd.h exist passed with the following output:
Change Dir: /home/berry/Downloads/libxml2/build/CMakeFiles/CMakeTmp

Run Build Command(s):/usr/bin/gmake -f Makefile cmTC_78344/fast && /usr/bin/gmake  -f CMakeFiles/cmTC_78344.dir/build.make CMakeFiles/cmTC_78344.dir/build
gmake[1]: Entering directory '/home/berry/Downloads/libxml2/build/CMakeFiles/CMakeTmp'
Building C object CMakeFiles/cmTC_78344.dir/HAVE_UNISTD_H.c.o
/usr/bin/cc    -o CMakeFiles/cmTC_78344.dir/HAVE_UNISTD_H.c.o -c /home/berry/Downloads/libxml2/build/CMakeFiles/CheckIncludeFiles/HAVE_UNISTD_H.c
Linking C executable cmTC_78344
/usr/bin/cmake -E cmake_link_script CMakeFiles/cmTC_78344.dir/link.txt --verbose=1
/usr/bin/cc CMakeFiles/cmTC_78344.dir/HAVE_UNISTD_H.c.o -o cmTC_78344 
gmake[1]: Leaving directory '/home/berry/Downloads/libxml2/build/CMakeFiles/CMakeTmp'



Determining if the F_GETFL exist passed with the following output:
Change Dir: /home/berry/Downloads/libxml2/build/CMakeFiles/CMakeTmp

Run Build Command(s):/usr/bin/gmake -f Makefile cmTC_b4de4/fast && /usr/bin/gmake  -f CMakeFiles/cmTC_b4de4.dir/build.make CMakeFiles/cmTC_b4de4.dir/build
gmake[1]: Entering directory '/home/berry/Downloads/libxml2/build/CMakeFiles/CMakeTmp'
Building C object CMakeFiles/cmTC_b4de4.dir/CheckSymbolExists.c.o
/usr/bin/cc    -o CMakeFiles/cmTC_b4de4.dir/CheckSymbolExists.c.o -c /home/berry/Downloads/libxml2/build/CMakeFiles/CMakeTmp/CheckSymbolExists.c
Linking C executable cmTC_b4de4
/usr/bin/cmake -E cmake_link_script CMakeFiles/cmTC_b4de4.dir/link.txt --verbose=1
/usr/bin/cc CMakeFiles/cmTC_b4de4.dir/CheckSymbolExists.c.o -o cmTC_b4de4 
gmake[1]: Leaving directory '/home/berry/Downloads/libxml2/build/CMakeFiles/CMakeTmp'


File /home/berry/Downloads/libxml2/build/CMakeFiles/CMakeTmp/CheckSymbolExists.c:
/* */
#include <fcntl.h>

int main(int argc, char** argv)
{
  (void)argv;
#ifndef F_GETFL
  return ((int*)(&F_GETFL))[argc];
#else
  (void)argc;
  return 0;
#endif
}
Performing C SOURCE FILE Test Iconv_IS_BUILT_IN succeeded with the following output:
Change Dir: /home/berry/Downloads/libxml2/build/CMakeFiles/CMakeTmp

Run Build Command(s):/usr/bin/gmake -f Makefile cmTC_35e32/fast && /usr/bin/gmake  -f CMakeFiles/cmTC_35e32.dir/build.make CMakeFiles/cmTC_35e32.dir/build
gmake[1]: Entering directory '/home/berry/Downloads/libxml2/build/CMakeFiles/CMakeTmp'
Building C object CMakeFiles/cmTC_35e32.dir/src.c.o
/usr/bin/cc -DIconv_IS_BUILT_IN   -o CMakeFiles/cmTC_35e32.dir/src.c.o -c /home/berry/Downloads/libxml2/build/CMakeFiles/CMakeTmp/src.c
Linking C executable cmTC_35e32
/usr/bin/cmake -E cmake_link_script CMakeFiles/cmTC_35e32.dir/link.txt --verbose=1
/usr/bin/cc CMakeFiles/cmTC_35e32.dir/src.c.o -o cmTC_35e32 
gmake[1]: Leaving directory '/home/berry/Downloads/libxml2/build/CMakeFiles/CMakeTmp'


Source file was:

      #include <stddef.h>
      #include <iconv.h>
      int main() {
        char *a, *b;
        size_t i, j;
        iconv_t ic;
        ic = iconv_open("to", "from");
        iconv(ic, &a, &i, &b, &j);
        iconv_close(ic);
      }
      
Determining if the function lzma_auto_decoder exists in the /usr/lib/x86_64-linux-gnu/liblzma.so passed with the following output:
Change Dir: /home/berry/Downloads/libxml2/build/CMakeFiles/CMakeTmp

Run Build Command(s):/usr/bin/gmake -f Makefile cmTC_e48a1/fast && /usr/bin/gmake  -f CMakeFiles/cmTC_e48a1.dir/build.make CMakeFiles/cmTC_e48a1.dir/build
gmake[1]: Entering directory '/home/berry/Downloads/libxml2/build/CMakeFiles/CMakeTmp'
Building C object CMakeFiles/cmTC_e48a1.dir/CheckFunctionExists.c.o
/usr/bin/cc   -DCHECK_FUNCTION_EXISTS=lzma_auto_decoder -o CMakeFiles/cmTC_e48a1.dir/CheckFunctionExists.c.o -c /usr/share/cmake-3.22/Modules/CheckFunctionExists.c
Linking C executable cmTC_e48a1
/usr/bin/cmake -E cmake_link_script CMakeFiles/cmTC_e48a1.dir/link.txt --verbose=1
/usr/bin/cc  -DCHECK_FUNCTION_EXISTS=lzma_auto_decoder CMakeFiles/cmTC_e48a1.dir/CheckFunctionExists.c.o -o cmTC_e48a1  /usr/lib/x86_64-linux-gnu/liblzma.so 
gmake[1]: Leaving directory '/home/berry/Downloads/libxml2/build/CMakeFiles/CMakeTmp'



Determining if the function lzma_easy_encoder exists in the /usr/lib/x86_64-linux-gnu/liblzma.so passed with the following output:
Change Dir: /home/berry/Downloads/libxml2/build/CMakeFiles/CMakeTmp

Run Build Command(s):/usr/bin/gmake -f Makefile cmTC_b9e03/fast && /usr/bin/gmake  -f CMakeFiles/cmTC_b9e03.dir/build.make CMakeFiles/cmTC_b9e03.dir/build
gmake[1]: Entering directory '/home/berry/Downloads/libxml2/build/CMakeFiles/CMakeTmp'
Building C object CMakeFiles/cmTC_b9e03.dir/CheckFunctionExists.c.o
/usr/bin/cc   -DCHECK_FUNCTION_EXISTS=lzma_easy_encoder -o CMakeFiles/cmTC_b9e03.dir/CheckFunctionExists.c.o -c /usr/share/cmake-3.22/Modules/CheckFunctionExists.c
Linking C executable cmTC_b9e03
/usr/bin/cmake -E cmake_link_script CMakeFiles/cmTC_b9e03.dir/link.txt --verbose=1
/usr/bin/cc  -DCHECK_FUNCTION_EXISTS=lzma_easy_encoder CMakeFiles/cmTC_b9e03.dir/CheckFunctionExists.c.o -o cmTC_b9e03  /usr/lib/x86_64-linux-gnu/liblzma.so 
gmake[1]: Leaving directory '/home/berry/Downloads/libxml2/build/CMakeFiles/CMakeTmp'



Determining if the function lzma_lzma_preset exists in the /usr/lib/x86_64-linux-gnu/liblzma.so passed with the following output:
Change Dir: /home/berry/Downloads/libxml2/build/CMakeFiles/CMakeTmp

Run Build Command(s):/usr/bin/gmake -f Makefile cmTC_2d4bf/fast && /usr/bin/gmake  -f CMakeFiles/cmTC_2d4bf.dir/build.make CMakeFiles/cmTC_2d4bf.dir/build
gmake[1]: Entering directory '/home/berry/Downloads/libxml2/build/CMakeFiles/CMakeTmp'
Building C object CMakeFiles/cmTC_2d4bf.dir/CheckFunctionExists.c.o
/usr/bin/cc   -DCHECK_FUNCTION_EXISTS=lzma_lzma_preset -o CMakeFiles/cmTC_2d4bf.dir/CheckFunctionExists.c.o -c /usr/share/cmake-3.22/Modules/CheckFunctionExists.c
Linking C executable cmTC_2d4bf
/usr/bin/cmake -E cmake_link_script CMakeFiles/cmTC_2d4bf.dir/link.txt --verbose=1
/usr/bin/cc  -DCHECK_FUNCTION_EXISTS=lzma_lzma_preset CMakeFiles/cmTC_2d4bf.dir/CheckFunctionExists.c.o -o cmTC_2d4bf  /usr/lib/x86_64-linux-gnu/liblzma.so 
gmake[1]: Leaving directory '/home/berry/Downloads/libxml2/build/CMakeFiles/CMakeTmp'



Determining if the include file pthread.h exists passed with the following output:
Change Dir: /home/berry/Downloads/libxml2/build/CMakeFiles/CMakeTmp

Run Build Command(s):/usr/bin/gmake -f Makefile cmTC_2a196/fast && /usr/bin/gmake  -f CMakeFiles/cmTC_2a196.dir/build.make CMakeFiles/cmTC_2a196.dir/build
gmake[1]: Entering directory '/home/berry/Downloads/libxml2/build/CMakeFiles/CMakeTmp'
Building C object CMakeFiles/cmTC_2a196.dir/CheckIncludeFile.c.o
/usr/bin/cc    -o CMakeFiles/cmTC_2a196.dir/CheckIncludeFile.c.o -c /home/berry/Downloads/libxml2/build/CMakeFiles/CMakeTmp/CheckIncludeFile.c
Linking C executable cmTC_2a196
/usr/bin/cmake -E cmake_link_script CMakeFiles/cmTC_2a196.dir/link.txt --verbose=1
/usr/bin/cc CMakeFiles/cmTC_2a196.dir/CheckIncludeFile.c.o -o cmTC_2a196 
gmake[1]: Leaving directory '/home/berry/Downloads/libxml2/build/CMakeFiles/CMakeTmp'



Performing C SOURCE FILE Test CMAKE_HAVE_LIBC_PTHREAD succeeded with the following output:
Change Dir: /home/berry/Downloads/libxml2/build/CMakeFiles/CMakeTmp

Run Build Command(s):/usr/bin/gmake -f Makefile cmTC_2d06a/fast && /usr/bin/gmake  -f CMakeFiles/cmTC_2d06a.dir/build.make CMakeFiles/cmTC_2d06a.dir/build
gmake[1]: Entering directory '/home/berry/Downloads/libxml2/build/CMakeFiles/CMakeTmp'
Building C object CMakeFiles/cmTC_2d06a.dir/src.c.o
/usr/bin/cc -DCMAKE_HAVE_LIBC_PTHREAD   -o CMakeFiles/cmTC_2d06a.dir/src.c.o -c /home/berry/Downloads/libxml2/build/CMakeFiles/CMakeTmp/src.c
Linking C executable cmTC_2d06a
/usr/bin/cmake -E cmake_link_script CMakeFiles/cmTC_2d06a.dir/link.txt --verbose=1
/usr/bin/cc CMakeFiles/cmTC_2d06a.dir/src.c.o -o cmTC_2d06a 
gmake[1]: Leaving directory '/home/berry/Downloads/libxml2/build/CMakeFiles/CMakeTmp'


Source file was:
#include <pthread.h>

static void* test_func(void* data)
{
  return data;
}

int main(void)
{
  pthread_t thread;
  pthread_create(&thread, NULL, test_func, NULL);
  pthread_detach(thread);
  pthread_cancel(thread);
  pthread_join(thread, NULL);
  pthread_atfork(NULL, NULL, NULL);
  pthread_exit(NULL);

  return 0;
}

Performing C SOURCE FILE Test HAVE_ATTRIBUTE_DESTRUCTOR succeeded with the following output:
Change Dir: /home/berry/Downloads/libxml2/build/CMakeFiles/CMakeTmp

Run Build Command(s):/usr/bin/gmake -f Makefile cmTC_cd8d8/fast && /usr/bin/gmake  -f CMakeFiles/cmTC_cd8d8.dir/build.make CMakeFiles/cmTC_cd8d8.dir/build
gmake[1]: Entering directory '/home/berry/Downloads/libxml2/build/CMakeFiles/CMakeTmp'
Building C object CMakeFiles/cmTC_cd8d8.dir/src.c.o
/usr/bin/cc -DHAVE_ATTRIBUTE_DESTRUCTOR   -o CMakeFiles/cmTC_cd8d8.dir/src.c.o -c /home/berry/Downloads/libxml2/build/CMakeFiles/CMakeTmp/src.c
Linking C executable cmTC_cd8d8
/usr/bin/cmake -E cmake_link_script CMakeFiles/cmTC_cd8d8.dir/link.txt --verbose=1
/usr/bin/cc CMakeFiles/cmTC_cd8d8.dir/src.c.o -o cmTC_cd8d8 
gmake[1]: Leaving directory '/home/berry/Downloads/libxml2/build/CMakeFiles/CMakeTmp'


Source file was:

		void __attribute__((destructor))
		f(void) {}
		int main(void) { return 0; }
	
Determining if files arpa/inet.h exist passed with the following output:
Change Dir: /home/berry/Downloads/libxml2/build/CMakeFiles/CMakeTmp

Run Build Command(s):/usr/bin/gmake -f Makefile cmTC_c0bb8/fast && /usr/bin/gmake  -f CMakeFiles/cmTC_c0bb8.dir/build.make CMakeFiles/cmTC_c0bb8.dir/build
gmake[1]: Entering directory '/home/berry/Downloads/libxml2/build/CMakeFiles/CMakeTmp'
Building C object CMakeFiles/cmTC_c0bb8.dir/HAVE_ARPA_INET_H.c.o
/usr/bin/cc    -o CMakeFiles/cmTC_c0bb8.dir/HAVE_ARPA_INET_H.c.o -c /home/berry/Downloads/libxml2/build/CMakeFiles/CheckIncludeFiles/HAVE_ARPA_INET_H.c
Linking C executable cmTC_c0bb8
/usr/bin/cmake -E cmake_link_script CMakeFiles/cmTC_c0bb8.dir/link.txt --verbose=1
/usr/bin/cc CMakeFiles/cmTC_c0bb8.dir/HAVE_ARPA_INET_H.c.o -o cmTC_c0bb8 
gmake[1]: Leaving directory '/home/berry/Downloads/libxml2/build/CMakeFiles/CMakeTmp'



Determining if files dlfcn.h exist passed with the following output:
Change Dir: /home/berry/Downloads/libxml2/build/CMakeFiles/CMakeTmp

Run Build Command(s):/usr/bin/gmake -f Makefile cmTC_ef265/fast && /usr/bin/gmake  -f CMakeFiles/cmTC_ef265.dir/build.make CMakeFiles/cmTC_ef265.dir/build
gmake[1]: Entering directory '/home/berry/Downloads/libxml2/build/CMakeFiles/CMakeTmp'
Building C object CMakeFiles/cmTC_ef265.dir/HAVE_DLFCN_H.c.o
/usr/bin/cc    -o CMakeFiles/cmTC_ef265.dir/HAVE_DLFCN_H.c.o -c /home/berry/Downloads/libxml2/build/CMakeFiles/CheckIncludeFiles/HAVE_DLFCN_H.c
Linking C executable cmTC_ef265
/usr/bin/cmake -E cmake_link_script CMakeFiles/cmTC_ef265.dir/link.txt --verbose=1
/usr/bin/cc CMakeFiles/cmTC_ef265.dir/HAVE_DLFCN_H.c.o -o cmTC_ef265 
gmake[1]: Leaving directory '/home/berry/Downloads/libxml2/build/CMakeFiles/CMakeTmp'



Determining if the function dlopen exists in the dl passed with the following output:
Change Dir: /home/berry/Downloads/libxml2/build/CMakeFiles/CMakeTmp

Run Build Command(s):/usr/bin/gmake -f Makefile cmTC_9137e/fast && /usr/bin/gmake  -f CMakeFiles/cmTC_9137e.dir/build.make CMakeFiles/cmTC_9137e.dir/build
gmake[1]: Entering directory '/home/berry/Downloads/libxml2/build/CMakeFiles/CMakeTmp'
Building C object CMakeFiles/cmTC_9137e.dir/CheckFunctionExists.c.o
/usr/bin/cc   -DCHECK_FUNCTION_EXISTS=dlopen -o CMakeFiles/cmTC_9137e.dir/CheckFunctionExists.c.o -c /usr/share/cmake-3.22/Modules/CheckFunctionExists.c
Linking C executable cmTC_9137e
/usr/bin/cmake -E cmake_link_script CMakeFiles/cmTC_9137e.dir/link.txt --verbose=1
/usr/bin/cc  -DCHECK_FUNCTION_EXISTS=dlopen CMakeFiles/cmTC_9137e.dir/CheckFunctionExists.c.o -o cmTC_9137e  -ldl 
gmake[1]: Leaving directory '/home/berry/Downloads/libxml2/build/CMakeFiles/CMakeTmp'



Determining if files fcntl.h exist passed with the following output:
Change Dir: /home/berry/Downloads/libxml2/build/CMakeFiles/CMakeTmp

Run Build Command(s):/usr/bin/gmake -f Makefile cmTC_7a900/fast && /usr/bin/gmake  -f CMakeFiles/cmTC_7a900.dir/build.make CMakeFiles/cmTC_7a900.dir/build
gmake[1]: Entering directory '/home/berry/Downloads/libxml2/build/CMakeFiles/CMakeTmp'
Building C object CMakeFiles/cmTC_7a900.dir/HAVE_FCNTL_H.c.o
/usr/bin/cc    -o CMakeFiles/cmTC_7a900.dir/HAVE_FCNTL_H.c.o -c /home/berry/Downloads/libxml2/build/CMakeFiles/CheckIncludeFiles/HAVE_FCNTL_H.c
Linking C executable cmTC_7a900
/usr/bin/cmake -E cmake_link_script CMakeFiles/cmTC_7a900.dir/link.txt --verbose=1
/usr/bin/cc CMakeFiles/cmTC_7a900.dir/HAVE_FCNTL_H.c.o -o cmTC_7a900 
gmake[1]: Leaving directory '/home/berry/Downloads/libxml2/build/CMakeFiles/CMakeTmp'



Determining if the function ftime exists passed with the following output:
Change Dir: /home/berry/Downloads/libxml2/build/CMakeFiles/CMakeTmp

Run Build Command(s):/usr/bin/gmake -f Makefile cmTC_8c065/fast && /usr/bin/gmake  -f CMakeFiles/cmTC_8c065.dir/build.make CMakeFiles/cmTC_8c065.dir/build
gmake[1]: Entering directory '/home/berry/Downloads/libxml2/build/CMakeFiles/CMakeTmp'
Building C object CMakeFiles/cmTC_8c065.dir/CheckFunctionExists.c.o
/usr/bin/cc   -DCHECK_FUNCTION_EXISTS=ftime -o CMakeFiles/cmTC_8c065.dir/CheckFunctionExists.c.o -c /usr/share/cmake-3.22/Modules/CheckFunctionExists.c
Linking C executable cmTC_8c065
/usr/bin/cmake -E cmake_link_script CMakeFiles/cmTC_8c065.dir/link.txt --verbose=1
/usr/bin/cc  -DCHECK_FUNCTION_EXISTS=ftime CMakeFiles/cmTC_8c065.dir/CheckFunctionExists.c.o -o cmTC_8c065 
gmake[1]: Leaving directory '/home/berry/Downloads/libxml2/build/CMakeFiles/CMakeTmp'



Determining if the function getentropy exists passed with the following output:
Change Dir: /home/berry/Downloads/libxml2/build/CMakeFiles/CMakeTmp

Run Build Command(s):/usr/bin/gmake -f Makefile cmTC_8e8e8/fast && /usr/bin/gmake  -f CMakeFiles/cmTC_8e8e8.dir/build.make CMakeFiles/cmTC_8e8e8.dir/build
gmake[1]: Entering directory '/home/berry/Downloads/libxml2/build/CMakeFiles/CMakeTmp'
Building C object CMakeFiles/cmTC_8e8e8.dir/CheckFunctionExists.c.o
/usr/bin/cc   -DCHECK_FUNCTION_EXISTS=getentropy -o CMakeFiles/cmTC_8e8e8.dir/CheckFunctionExists.c.o -c /usr/share/cmake-3.22/Modules/CheckFunctionExists.c
Linking C executable cmTC_8e8e8
/usr/bin/cmake -E cmake_link_script CMakeFiles/cmTC_8e8e8.dir/link.txt --verbose=1
/usr/bin/cc  -DCHECK_FUNCTION_EXISTS=getentropy CMakeFiles/cmTC_8e8e8.dir/CheckFunctionExists.c.o -o cmTC_8e8e8 
gmake[1]: Leaving directory '/home/berry/Downloads/libxml2/build/CMakeFiles/CMakeTmp'



Determining if the function gettimeofday exists passed with the following output:
Change Dir: /home/berry/Downloads/libxml2/build/CMakeFiles/CMakeTmp

Run Build Command(s):/usr/bin/gmake -f Makefile cmTC_77bda/fast && /usr/bin/gmake  -f CMakeFiles/cmTC_77bda.dir/build.make CMakeFiles/cmTC_77bda.dir/build
gmake[1]: Entering directory '/home/berry/Downloads/libxml2/build/CMakeFiles/CMakeTmp'
Building C object CMakeFiles/cmTC_77bda.dir/CheckFunctionExists.c.o
/usr/bin/cc   -DCHECK_FUNCTION_EXISTS=gettimeofday -o CMakeFiles/cmTC_77bda.dir/CheckFunctionExists.c.o -c /usr/share/cmake-3.22/Modules/CheckFunctionExists.c
Linking C executable cmTC_77bda
/usr/bin/cmake -E cmake_link_script CMakeFiles/cmTC_77bda.dir/link.txt --verbose=1
/usr/bin/cc  -DCHECK_FUNCTION_EXISTS=gettimeofday CMakeFiles/cmTC_77bda.dir/CheckFunctionExists.c.o -o cmTC_77bda 
gmake[1]: Leaving directory '/home/berry/Downloads/libxml2/build/CMakeFiles/CMakeTmp'



Determining if files inttypes.h exist passed with the following output:
Change Dir: /home/berry/Downloads/libxml2/build/CMakeFiles/CMakeTmp

Run Build Command(s):/usr/bin/gmake -f Makefile cmTC_d13ba/fast && /usr/bin/gmake  -f CMakeFiles/cmTC_d13ba.dir/build.make CMakeFiles/cmTC_d13ba.dir/build
gmake[1]: Entering directory '/home/berry/Downloads/libxml2/build/CMakeFiles/CMakeTmp'
Building C object CMakeFiles/cmTC_d13ba.dir/HAVE_INTTYPES_H.c.o
/usr/bin/cc    -o CMakeFiles/cmTC_d13ba.dir/HAVE_INTTYPES_H.c.o -c /home/berry/Downloads/libxml2/build/CMakeFiles/CheckIncludeFiles/HAVE_INTTYPES_H.c
Linking C executable cmTC_d13ba
/usr/bin/cmake -E cmake_link_script CMakeFiles/cmTC_d13ba.dir/link.txt --verbose=1
/usr/bin/cc CMakeFiles/cmTC_d13ba.dir/HAVE_INTTYPES_H.c.o -o cmTC_d13ba 
gmake[1]: Leaving directory '/home/berry/Downloads/libxml2/build/CMakeFiles/CMakeTmp'



Determining if the function isascii exists passed with the following output:
Change Dir: /home/berry/Downloads/libxml2/build/CMakeFiles/CMakeTmp

Run Build Command(s):/usr/bin/gmake -f Makefile cmTC_5276a/fast && /usr/bin/gmake  -f CMakeFiles/cmTC_5276a.dir/build.make CMakeFiles/cmTC_5276a.dir/build
gmake[1]: Entering directory '/home/berry/Downloads/libxml2/build/CMakeFiles/CMakeTmp'
Building C object CMakeFiles/cmTC_5276a.dir/CheckFunctionExists.c.o
/usr/bin/cc   -DCHECK_FUNCTION_EXISTS=isascii -o CMakeFiles/cmTC_5276a.dir/CheckFunctionExists.c.o -c /usr/share/cmake-3.22/Modules/CheckFunctionExists.c
<command-line>: warning: conflicting types for built-in function ‘isascii’; expected ‘int(int)’ [-Wbuiltin-declaration-mismatch]
/usr/share/cmake-3.22/Modules/CheckFunctionExists.c:7:3: note: in expansion of macro ‘CHECK_FUNCTION_EXISTS’
    7 |   CHECK_FUNCTION_EXISTS(void);
      |   ^~~~~~~~~~~~~~~~~~~~~
Linking C executable cmTC_5276a
/usr/bin/cmake -E cmake_link_script CMakeFiles/cmTC_5276a.dir/link.txt --verbose=1
/usr/bin/cc  -DCHECK_FUNCTION_EXISTS=isascii CMakeFiles/cmTC_5276a.dir/CheckFunctionExists.c.o -o cmTC_5276a 
gmake[1]: Leaving directory '/home/berry/Downloads/libxml2/build/CMakeFiles/CMakeTmp'



Determining if the function mmap exists passed with the following output:
Change Dir: /home/berry/Downloads/libxml2/build/CMakeFiles/CMakeTmp

Run Build Command(s):/usr/bin/gmake -f Makefile cmTC_586df/fast && /usr/bin/gmake  -f CMakeFiles/cmTC_586df.dir/build.make CMakeFiles/cmTC_586df.dir/build
gmake[1]: Entering directory '/home/berry/Downloads/libxml2/build/CMakeFiles/CMakeTmp'
Building C object CMakeFiles/cmTC_586df.dir/CheckFunctionExists.c.o
/usr/bin/cc   -DCHECK_FUNCTION_EXISTS=mmap -o CMakeFiles/cmTC_586df.dir/CheckFunctionExists.c.o -c /usr/share/cmake-3.22/Modules/CheckFunctionExists.c
Linking C executable cmTC_586df
/usr/bin/cmake -E cmake_link_script CMakeFiles/cmTC_586df.dir/link.txt --verbose=1
/usr/bin/cc  -DCHECK_FUNCTION_EXISTS=mmap CMakeFiles/cmTC_586df.dir/CheckFunctionExists.c.o -o cmTC_586df 
gmake[1]: Leaving directory '/home/berry/Downloads/libxml2/build/CMakeFiles/CMakeTmp'



Determining if the function munmap exists passed with the following output:
Change Dir: /home/berry/Downloads/libxml2/build/CMakeFiles/CMakeTmp

Run Build Command(s):/usr/bin/gmake -f Makefile cmTC_1eead/fast && /usr/bin/gmake  -f CMakeFiles/cmTC_1eead.dir/build.make CMakeFiles/cmTC_1eead.dir/build
gmake[1]: Entering directory '/home/berry/Downloads/libxml2/build/CMakeFiles/CMakeTmp'
Building C object CMakeFiles/cmTC_1eead.dir/CheckFunctionExists.c.o
/usr/bin/cc   -DCHECK_FUNCTION_EXISTS=munmap -o CMakeFiles/cmTC_1eead.dir/CheckFunctionExists.c.o -c /usr/share/cmake-3.22/Modules/CheckFunctionExists.c
Linking C executable cmTC_1eead
/usr/bin/cmake -E cmake_link_script CMakeFiles/cmTC_1eead.dir/link.txt --verbose=1
/usr/bin/cc  -DCHECK_FUNCTION_EXISTS=munmap CMakeFiles/cmTC_1eead.dir/CheckFunctionExists.c.o -o cmTC_1eead 
gmake[1]: Leaving directory '/home/berry/Downloads/libxml2/build/CMakeFiles/CMakeTmp'



Determining if files netdb.h exist passed with the following output:
Change Dir: /home/berry/Downloads/libxml2/build/CMakeFiles/CMakeTmp

Run Build Command(s):/usr/bin/gmake -f Makefile cmTC_a4224/fast && /usr/bin/gmake  -f CMakeFiles/cmTC_a4224.dir/build.make CMakeFiles/cmTC_a4224.dir/build
gmake[1]: Entering directory '/home/berry/Downloads/libxml2/build/CMakeFiles/CMakeTmp'
Building C object CMakeFiles/cmTC_a4224.dir/HAVE_NETDB_H.c.o
/usr/bin/cc    -o CMakeFiles/cmTC_a4224.dir/HAVE_NETDB_H.c.o -c /home/berry/Downloads/libxml2/build/CMakeFiles/CheckIncludeFiles/HAVE_NETDB_H.c
Linking C executable cmTC_a4224
/usr/bin/cmake -E cmake_link_script CMakeFiles/cmTC_a4224.dir/link.txt --verbose=1
/usr/bin/cc CMakeFiles/cmTC_a4224.dir/HAVE_NETDB_H.c.o -o cmTC_a4224 
gmake[1]: Leaving directory '/home/berry/Downloads/libxml2/build/CMakeFiles/CMakeTmp'



Determining if files netinet/in.h exist passed with the following output:
Change Dir: /home/berry/Downloads/libxml2/build/CMakeFiles/CMakeTmp

Run Build Command(s):/usr/bin/gmake -f Makefile cmTC_f8b0a/fast && /usr/bin/gmake  -f CMakeFiles/cmTC_f8b0a.dir/build.make CMakeFiles/cmTC_f8b0a.dir/build
gmake[1]: Entering directory '/home/berry/Downloads/libxml2/build/CMakeFiles/CMakeTmp'
Building C object CMakeFiles/cmTC_f8b0a.dir/HAVE_NETINET_IN_H.c.o
/usr/bin/cc    -o CMakeFiles/cmTC_f8b0a.dir/HAVE_NETINET_IN_H.c.o -c /home/berry/Downloads/libxml2/build/CMakeFiles/CheckIncludeFiles/HAVE_NETINET_IN_H.c
Linking C executable cmTC_f8b0a
/usr/bin/cmake -E cmake_link_script CMakeFiles/cmTC_f8b0a.dir/link.txt --verbose=1
/usr/bin/cc CMakeFiles/cmTC_f8b0a.dir/HAVE_NETINET_IN_H.c.o -o cmTC_f8b0a 
gmake[1]: Leaving directory '/home/berry/Downloads/libxml2/build/CMakeFiles/CMakeTmp'



Determining if files poll.h exist passed with the following output:
Change Dir: /home/berry/Downloads/libxml2/build/CMakeFiles/CMakeTmp

Run Build Command(s):/usr/bin/gmake -f Makefile cmTC_8ebcc/fast && /usr/bin/gmake  -f CMakeFiles/cmTC_8ebcc.dir/build.make CMakeFiles/cmTC_8ebcc.dir/build
gmake[1]: Entering directory '/home/berry/Downloads/libxml2/build/CMakeFiles/CMakeTmp'
Building C object CMakeFiles/cmTC_8ebcc.dir/HAVE_POLL_H.c.o
/usr/bin/cc    -o CMakeFiles/cmTC_8ebcc.dir/HAVE_POLL_H.c.o -c /home/berry/Downloads/libxml2/build/CMakeFiles/CheckIncludeFiles/HAVE_POLL_H.c
Linking C executable cmTC_8ebcc
/usr/bin/cmake -E cmake_link_script CMakeFiles/cmTC_8ebcc.dir/link.txt --verbose=1
/usr/bin/cc CMakeFiles/cmTC_8ebcc.dir/HAVE_POLL_H.c.o -o cmTC_8ebcc 
gmake[1]: Leaving directory '/home/berry/Downloads/libxml2/build/CMakeFiles/CMakeTmp'



Determining if the function stat exists passed with the following output:
Change Dir: /home/berry/Downloads/libxml2/build/CMakeFiles/CMakeTmp

Run Build Command(s):/usr/bin/gmake -f Makefile cmTC_19168/fast && /usr/bin/gmake  -f CMakeFiles/cmTC_19168.dir/build.make CMakeFiles/cmTC_19168.dir/build
gmake[1]: Entering directory '/home/berry/Downloads/libxml2/build/CMakeFiles/CMakeTmp'
Building C object CMakeFiles/cmTC_19168.dir/CheckFunctionExists.c.o
/usr/bin/cc   -DCHECK_FUNCTION_EXISTS=stat -o CMakeFiles/cmTC_19168.dir/CheckFunctionExists.c.o -c /usr/share/cmake-3.22/Modules/CheckFunctionExists.c
Linking C executable cmTC_19168
/usr/bin/cmake -E cmake_link_script CMakeFiles/cmTC_19168.dir/link.txt --verbose=1
/usr/bin/cc  -DCHECK_FUNCTION_EXISTS=stat CMakeFiles/cmTC_19168.dir/CheckFunctionExists.c.o -o cmTC_19168 
gmake[1]: Leaving directory '/home/berry/Downloads/libxml2/build/CMakeFiles/CMakeTmp'



Determining if files stdint.h exist passed with the following output:
Change Dir: /home/berry/Downloads/libxml2/build/CMakeFiles/CMakeTmp

Run Build Command(s):/usr/bin/gmake -f Makefile cmTC_4bd6c/fast && /usr/bin/gmake  -f CMakeFiles/cmTC_4bd6c.dir/build.make CMakeFiles/cmTC_4bd6c.dir/build
gmake[1]: Entering directory '/home/berry/Downloads/libxml2/build/CMakeFiles/CMakeTmp'
Building C object CMakeFiles/cmTC_4bd6c.dir/HAVE_STDINT_H.c.o
/usr/bin/cc    -o CMakeFiles/cmTC_4bd6c.dir/HAVE_STDINT_H.c.o -c /home/berry/Downloads/libxml2/build/CMakeFiles/CheckIncludeFiles/HAVE_STDINT_H.c
Linking C executable cmTC_4bd6c
/usr/bin/cmake -E cmake_link_script CMakeFiles/cmTC_4bd6c.dir/link.txt --verbose=1
/usr/bin/cc CMakeFiles/cmTC_4bd6c.dir/HAVE_STDINT_H.c.o -o cmTC_4bd6c 
gmake[1]: Leaving directory '/home/berry/Downloads/libxml2/build/CMakeFiles/CMakeTmp'



Determining if files sys/mman.h exist passed with the following output:
Change Dir: /home/berry/Downloads/libxml2/build/CMakeFiles/CMakeTmp

Run Build Command(s):/usr/bin/gmake -f Makefile cmTC_538ad/fast && /usr/bin/gmake  -f CMakeFiles/cmTC_538ad.dir/build.make CMakeFiles/cmTC_538ad.dir/build
gmake[1]: Entering directory '/home/berry/Downloads/libxml2/build/CMakeFiles/CMakeTmp'
Building C object CMakeFiles/cmTC_538ad.dir/HAVE_SYS_MMAN_H.c.o
/usr/bin/cc    -o CMakeFiles/cmTC_538ad.dir/HAVE_SYS_MMAN_H.c.o -c /home/berry/Downloads/libxml2/build/CMakeFiles/CheckIncludeFiles/HAVE_SYS_MMAN_H.c
Linking C executable cmTC_538ad
/usr/bin/cmake -E cmake_link_script CMakeFiles/cmTC_538ad.dir/link.txt --verbose=1
/usr/bin/cc CMakeFiles/cmTC_538ad.dir/HAVE_SYS_MMAN_H.c.o -o cmTC_538ad 
gmake[1]: Leaving directory '/home/berry/Downloads/libxml2/build/CMakeFiles/CMakeTmp'



Determining if files sys/random.h exist passed with the following output:
Change Dir: /home/berry/Downloads/libxml2/build/CMakeFiles/CMakeTmp

Run Build Command(s):/usr/bin/gmake -f Makefile cmTC_7ade2/fast && /usr/bin/gmake  -f CMakeFiles/cmTC_7ade2.dir/build.make CMakeFiles/cmTC_7ade2.dir/build
gmake[1]: Entering directory '/home/berry/Downloads/libxml2/build/CMakeFiles/CMakeTmp'
Building C object CMakeFiles/cmTC_7ade2.dir/HAVE_SYS_RANDOM_H.c.o
/usr/bin/cc    -o CMakeFiles/cmTC_7ade2.dir/HAVE_SYS_RANDOM_H.c.o -c /home/berry/Downloads/libxml2/build/CMakeFiles/CheckIncludeFiles/HAVE_SYS_RANDOM_H.c
Linking C executable cmTC_7ade2
/usr/bin/cmake -E cmake_link_script CMakeFiles/cmTC_7ade2.dir/link.txt --verbose=1
/usr/bin/cc CMakeFiles/cmTC_7ade2.dir/HAVE_SYS_RANDOM_H.c.o -o cmTC_7ade2 
gmake[1]: Leaving directory '/home/berry/Downloads/libxml2/build/CMakeFiles/CMakeTmp'



Determining if files sys/select.h exist passed with the following output:
Change Dir: /home/berry/Downloads/libxml2/build/CMakeFiles/CMakeTmp

Run Build Command(s):/usr/bin/gmake -f Makefile cmTC_73b9f/fast && /usr/bin/gmake  -f CMakeFiles/cmTC_73b9f.dir/build.make CMakeFiles/cmTC_73b9f.dir/build
gmake[1]: Entering directory '/home/berry/Downloads/libxml2/build/CMakeFiles/CMakeTmp'
Building C object CMakeFiles/cmTC_73b9f.dir/HAVE_SYS_SELECT_H.c.o
/usr/bin/cc    -o CMakeFiles/cmTC_73b9f.dir/HAVE_SYS_SELECT_H.c.o -c /home/berry/Downloads/libxml2/build/CMakeFiles/CheckIncludeFiles/HAVE_SYS_SELECT_H.c
Linking C executable cmTC_73b9f
/usr/bin/cmake -E cmake_link_script CMakeFiles/cmTC_73b9f.dir/link.txt --verbose=1
/usr/bin/cc CMakeFiles/cmTC_73b9f.dir/HAVE_SYS_SELECT_H.c.o -o cmTC_73b9f 
gmake[1]: Leaving directory '/home/berry/Downloads/libxml2/build/CMakeFiles/CMakeTmp'



Determining if files sys/socket.h exist passed with the following output:
Change Dir: /home/berry/Downloads/libxml2/build/CMakeFiles/CMakeTmp

Run Build Command(s):/usr/bin/gmake -f Makefile cmTC_cd848/fast && /usr/bin/gmake  -f CMakeFiles/cmTC_cd848.dir/build.make CMakeFiles/cmTC_cd848.dir/build
gmake[1]: Entering directory '/home/berry/Downloads/libxml2/build/CMakeFiles/CMakeTmp'
Building C object CMakeFiles/cmTC_cd848.dir/HAVE_SYS_SOCKET_H.c.o
/usr/bin/cc    -o CMakeFiles/cmTC_cd848.dir/HAVE_SYS_SOCKET_H.c.o -c /home/berry/Downloads/libxml2/build/CMakeFiles/CheckIncludeFiles/HAVE_SYS_SOCKET_H.c
Linking C executable cmTC_cd848
/usr/bin/cmake -E cmake_link_script CMakeFiles/cmTC_cd848.dir/link.txt --verbose=1
/usr/bin/cc CMakeFiles/cmTC_cd848.dir/HAVE_SYS_SOCKET_H.c.o -o cmTC_cd848 
gmake[1]: Leaving directory '/home/berry/Downloads/libxml2/build/CMakeFiles/CMakeTmp'



Determining if files sys/stat.h exist passed with the following output:
Change Dir: /home/berry/Downloads/libxml2/build/CMakeFiles/CMakeTmp

Run Build Command(s):/usr/bin/gmake -f Makefile cmTC_470e5/fast && /usr/bin/gmake  -f CMakeFiles/cmTC_470e5.dir/build.make CMakeFiles/cmTC_470e5.dir/build
gmake[1]: Entering directory '/home/berry/Downloads/libxml2/build/CMakeFiles/CMakeTmp'
Building C object CMakeFiles/cmTC_470e5.dir/HAVE_SYS_STAT_H.c.o
/usr/bin/cc    -o CMakeFiles/cmTC_470e5.dir/HAVE_SYS_STAT_H.c.o -c /home/berry/Downloads/libxml2/build/CMakeFiles/CheckIncludeFiles/HAVE_SYS_STAT_H.c
Linking C executable cmTC_470e5
/usr/bin/cmake -E cmake_link_script CMakeFiles/cmTC_470e5.dir/link.txt --verbose=1
/usr/bin/cc CMakeFiles/cmTC_470e5.dir/HAVE_SYS_STAT_H.c.o -o cmTC_470e5 
gmake[1]: Leaving directory '/home/berry/Downloads/libxml2/build/CMakeFiles/CMakeTmp'



Determining if files sys/timeb.h exist passed with the following output:
Change Dir: /home/berry/Downloads/libxml2/build/CMakeFiles/CMakeTmp

Run Build Command(s):/usr/bin/gmake -f Makefile cmTC_74eeb/fast && /usr/bin/gmake  -f CMakeFiles/cmTC_74eeb.dir/build.make CMakeFiles/cmTC_74eeb.dir/build
gmake[1]: Entering directory '/home/berry/Downloads/libxml2/build/CMakeFiles/CMakeTmp'
Building C object CMakeFiles/cmTC_74eeb.dir/HAVE_SYS_TIMEB_H.c.o
/usr/bin/cc    -o CMakeFiles/cmTC_74eeb.dir/HAVE_SYS_TIMEB_H.c.o -c /home/berry/Downloads/libxml2/build/CMakeFiles/CheckIncludeFiles/HAVE_SYS_TIMEB_H.c
Linking C executable cmTC_74eeb
/usr/bin/cmake -E cmake_link_script CMakeFiles/cmTC_74eeb.dir/link.txt --verbose=1
/usr/bin/cc CMakeFiles/cmTC_74eeb.dir/HAVE_SYS_TIMEB_H.c.o -o cmTC_74eeb 
gmake[1]: Leaving directory '/home/berry/Downloads/libxml2/build/CMakeFiles/CMakeTmp'



Determining if files sys/time.h exist passed with the following output:
Change Dir: /home/berry/Downloads/libxml2/build/CMakeFiles/CMakeTmp

Run Build Command(s):/usr/bin/gmake -f Makefile cmTC_c1f93/fast && /usr/bin/gmake  -f CMakeFiles/cmTC_c1f93.dir/build.make CMakeFiles/cmTC_c1f93.dir/build
gmake[1]: Entering directory '/home/berry/Downloads/libxml2/build/CMakeFiles/CMakeTmp'
Building C object CMakeFiles/cmTC_c1f93.dir/HAVE_SYS_TIME_H.c.o
/usr/bin/cc    -o CMakeFiles/cmTC_c1f93.dir/HAVE_SYS_TIME_H.c.o -c /home/berry/Downloads/libxml2/build/CMakeFiles/CheckIncludeFiles/HAVE_SYS_TIME_H.c
Linking C executable cmTC_c1f93
/usr/bin/cmake -E cmake_link_script CMakeFiles/cmTC_c1f93.dir/link.txt --verbose=1
/usr/bin/cc CMakeFiles/cmTC_c1f93.dir/HAVE_SYS_TIME_H.c.o -o cmTC_c1f93 
gmake[1]: Leaving directory '/home/berry/Downloads/libxml2/build/CMakeFiles/CMakeTmp'



Performing C SOURCE FILE Test XML_SOCKLEN_T_SOCKLEN_T succeeded with the following output:
Change Dir: /home/berry/Downloads/libxml2/build/CMakeFiles/CMakeTmp

Run Build Command(s):/usr/bin/gmake -f Makefile cmTC_b6cad/fast && /usr/bin/gmake  -f CMakeFiles/cmTC_b6cad.dir/build.make CMakeFiles/cmTC_b6cad.dir/build
gmake[1]: Entering directory '/home/berry/Downloads/libxml2/build/CMakeFiles/CMakeTmp'
Building C object CMakeFiles/cmTC_b6cad.dir/src.c.o
/usr/bin/cc -DXML_SOCKLEN_T_SOCKLEN_T   -o CMakeFiles/cmTC_b6cad.dir/src.c.o -c /home/berry/Downloads/libxml2/build/CMakeFiles/CMakeTmp/src.c
Linking C executable cmTC_b6cad
/usr/bin/cmake -E cmake_link_script CMakeFiles/cmTC_b6cad.dir/link.txt --verbose=1
/usr/bin/cc CMakeFiles/cmTC_b6cad.dir/src.c.o -o cmTC_b6cad 
gmake[1]: Leaving directory '/home/berry/Downloads/libxml2/build/CMakeFiles/CMakeTmp'


Source file was:

		#include <stddef.h>
		#include <sys/socket.h>
		int main() { (void) getsockopt(1, 1, 1, NULL, (socklen_t*) NULL); return 0; }
	
Determining if files pthread.h exist passed with the following output:
Change Dir: /home/berry/Downloads/libxml2/build/CMakeFiles/CMakeTmp

Run Build Command(s):/usr/bin/gmake -f Makefile cmTC_c0796/fast && /usr/bin/gmake  -f CMakeFiles/cmTC_c0796.dir/build.make CMakeFiles/cmTC_c0796.dir/build
gmake[1]: Entering directory '/home/berry/Downloads/libxml2/build/CMakeFiles/CMakeTmp'
Building C object CMakeFiles/cmTC_c0796.dir/HAVE_PTHREAD_H.c.o
/usr/bin/cc    -o CMakeFiles/cmTC_c0796.dir/HAVE_PTHREAD_H.c.o -c /home/berry/Downloads/libxml2/build/CMakeFiles/CheckIncludeFiles/HAVE_PTHREAD_H.c
Linking C executable cmTC_c0796
/usr/bin/cmake -E cmake_link_script CMakeFiles/cmTC_c0796.dir/link.txt --verbose=1
/usr/bin/cc CMakeFiles/cmTC_c0796.dir/HAVE_PTHREAD_H.c.o -o cmTC_c0796 
gmake[1]: Leaving directory '/home/berry/Downloads/libxml2/build/CMakeFiles/CMakeTmp'



