Determining if the function class exists failed with the following output:
Change Dir: /home/berry/Downloads/libxml2/build/CMakeFiles/CMakeTmp

Run Build Command(s):/usr/bin/gmake -f Makefile cmTC_db94d/fast && /usr/bin/gmake  -f CMakeFiles/cmTC_db94d.dir/build.make CMakeFiles/cmTC_db94d.dir/build
gmake[1]: Entering directory '/home/berry/Downloads/libxml2/build/CMakeFiles/CMakeTmp'
Building C object CMakeFiles/cmTC_db94d.dir/CheckFunctionExists.c.o
/usr/bin/cc   -DCHECK_FUNCTION_EXISTS=class -o CMakeFiles/cmTC_db94d.dir/CheckFunctionExists.c.o -c /usr/share/cmake-3.22/Modules/CheckFunctionExists.c
Linking C executable cmTC_db94d
/usr/bin/cmake -E cmake_link_script CMakeFiles/cmTC_db94d.dir/link.txt --verbose=1
/usr/bin/cc  -DCHECK_FUNCTION_EXISTS=class CMakeFiles/cmTC_db94d.dir/CheckFunctionExists.c.o -o cmTC_db94d 
/usr/bin/ld: CMakeFiles/cmTC_db94d.dir/CheckFunctionExists.c.o: in function `main':
CheckFunctionExists.c:(.text+0x14): undefined reference to `class'
collect2: error: ld returned 1 exit status
gmake[1]: *** [CMakeFiles/cmTC_db94d.dir/build.make:99: cmTC_db94d] Error 1
gmake[1]: Leaving directory '/home/berry/Downloads/libxml2/build/CMakeFiles/CMakeTmp'
gmake: *** [Makefile:127: cmTC_db94d/fast] Error 2



Determining if files dl.h exist failed with the following output:
Change Dir: /home/berry/Downloads/libxml2/build/CMakeFiles/CMakeTmp

Run Build Command(s):/usr/bin/gmake -f Makefile cmTC_a6a3b/fast && /usr/bin/gmake  -f CMakeFiles/cmTC_a6a3b.dir/build.make CMakeFiles/cmTC_a6a3b.dir/build
gmake[1]: Entering directory '/home/berry/Downloads/libxml2/build/CMakeFiles/CMakeTmp'
Building C object CMakeFiles/cmTC_a6a3b.dir/HAVE_DL_H.c.o
/usr/bin/cc    -o CMakeFiles/cmTC_a6a3b.dir/HAVE_DL_H.c.o -c /home/berry/Downloads/libxml2/build/CMakeFiles/CheckIncludeFiles/HAVE_DL_H.c
/home/berry/Downloads/libxml2/build/CMakeFiles/CheckIncludeFiles/HAVE_DL_H.c:2:10: fatal error: dl.h: No such file or directory
    2 | #include <dl.h>
      |          ^~~~~~
compilation terminated.
gmake[1]: *** [CMakeFiles/cmTC_a6a3b.dir/build.make:78: CMakeFiles/cmTC_a6a3b.dir/HAVE_DL_H.c.o] Error 1
gmake[1]: Leaving directory '/home/berry/Downloads/libxml2/build/CMakeFiles/CMakeTmp'
gmake: *** [Makefile:127: cmTC_a6a3b/fast] Error 2


Source:
/* */
#include <dl.h>


int main(void){return 0;}

Determining if the function fpclass exists failed with the following output:
Change Dir: /home/berry/Downloads/libxml2/build/CMakeFiles/CMakeTmp

Run Build Command(s):/usr/bin/gmake -f Makefile cmTC_61c30/fast && /usr/bin/gmake  -f CMakeFiles/cmTC_61c30.dir/build.make CMakeFiles/cmTC_61c30.dir/build
gmake[1]: Entering directory '/home/berry/Downloads/libxml2/build/CMakeFiles/CMakeTmp'
Building C object CMakeFiles/cmTC_61c30.dir/CheckFunctionExists.c.o
/usr/bin/cc   -DCHECK_FUNCTION_EXISTS=fpclass -o CMakeFiles/cmTC_61c30.dir/CheckFunctionExists.c.o -c /usr/share/cmake-3.22/Modules/CheckFunctionExists.c
Linking C executable cmTC_61c30
/usr/bin/cmake -E cmake_link_script CMakeFiles/cmTC_61c30.dir/link.txt --verbose=1
/usr/bin/cc  -DCHECK_FUNCTION_EXISTS=fpclass CMakeFiles/cmTC_61c30.dir/CheckFunctionExists.c.o -o cmTC_61c30 
/usr/bin/ld: CMakeFiles/cmTC_61c30.dir/CheckFunctionExists.c.o: in function `main':
CheckFunctionExists.c:(.text+0x14): undefined reference to `fpclass'
collect2: error: ld returned 1 exit status
gmake[1]: *** [CMakeFiles/cmTC_61c30.dir/build.make:99: cmTC_61c30] Error 1
gmake[1]: Leaving directory '/home/berry/Downloads/libxml2/build/CMakeFiles/CMakeTmp'
gmake: *** [Makefile:127: cmTC_61c30/fast] Error 2



Determining if the function append_history exists in the history failed with the following output:
Change Dir: /home/berry/Downloads/libxml2/build/CMakeFiles/CMakeTmp

Run Build Command(s):/usr/bin/gmake -f Makefile cmTC_9d530/fast && /usr/bin/gmake  -f CMakeFiles/cmTC_9d530.dir/build.make CMakeFiles/cmTC_9d530.dir/build
gmake[1]: Entering directory '/home/berry/Downloads/libxml2/build/CMakeFiles/CMakeTmp'
Building C object CMakeFiles/cmTC_9d530.dir/CheckFunctionExists.c.o
/usr/bin/cc   -DCHECK_FUNCTION_EXISTS=append_history -o CMakeFiles/cmTC_9d530.dir/CheckFunctionExists.c.o -c /usr/share/cmake-3.22/Modules/CheckFunctionExists.c
Linking C executable cmTC_9d530
/usr/bin/cmake -E cmake_link_script CMakeFiles/cmTC_9d530.dir/link.txt --verbose=1
/usr/bin/cc  -DCHECK_FUNCTION_EXISTS=append_history CMakeFiles/cmTC_9d530.dir/CheckFunctionExists.c.o -o cmTC_9d530  -lhistory 
/usr/bin/ld: cannot find -lhistory: No such file or directory
collect2: error: ld returned 1 exit status
gmake[1]: *** [CMakeFiles/cmTC_9d530.dir/build.make:99: cmTC_9d530] Error 1
gmake[1]: Leaving directory '/home/berry/Downloads/libxml2/build/CMakeFiles/CMakeTmp'
gmake: *** [Makefile:127: cmTC_9d530/fast] Error 2



Determining if the function readline exists in the readline failed with the following output:
Change Dir: /home/berry/Downloads/libxml2/build/CMakeFiles/CMakeTmp

Run Build Command(s):/usr/bin/gmake -f Makefile cmTC_d9b3c/fast && /usr/bin/gmake  -f CMakeFiles/cmTC_d9b3c.dir/build.make CMakeFiles/cmTC_d9b3c.dir/build
gmake[1]: Entering directory '/home/berry/Downloads/libxml2/build/CMakeFiles/CMakeTmp'
Building C object CMakeFiles/cmTC_d9b3c.dir/CheckFunctionExists.c.o
/usr/bin/cc   -DCHECK_FUNCTION_EXISTS=readline -o CMakeFiles/cmTC_d9b3c.dir/CheckFunctionExists.c.o -c /usr/share/cmake-3.22/Modules/CheckFunctionExists.c
Linking C executable cmTC_d9b3c
/usr/bin/cmake -E cmake_link_script CMakeFiles/cmTC_d9b3c.dir/link.txt --verbose=1
/usr/bin/cc  -DCHECK_FUNCTION_EXISTS=readline CMakeFiles/cmTC_d9b3c.dir/CheckFunctionExists.c.o -o cmTC_d9b3c  -lreadline 
/usr/bin/ld: cannot find -lreadline: No such file or directory
collect2: error: ld returned 1 exit status
gmake[1]: *** [CMakeFiles/cmTC_d9b3c.dir/build.make:99: cmTC_d9b3c] Error 1
gmake[1]: Leaving directory '/home/berry/Downloads/libxml2/build/CMakeFiles/CMakeTmp'
gmake: *** [Makefile:127: cmTC_d9b3c/fast] Error 2



Determining if the function shl_load exists in the dld failed with the following output:
Change Dir: /home/berry/Downloads/libxml2/build/CMakeFiles/CMakeTmp

Run Build Command(s):/usr/bin/gmake -f Makefile cmTC_0e3a8/fast && /usr/bin/gmake  -f CMakeFiles/cmTC_0e3a8.dir/build.make CMakeFiles/cmTC_0e3a8.dir/build
gmake[1]: Entering directory '/home/berry/Downloads/libxml2/build/CMakeFiles/CMakeTmp'
Building C object CMakeFiles/cmTC_0e3a8.dir/CheckFunctionExists.c.o
/usr/bin/cc   -DCHECK_FUNCTION_EXISTS=shl_load -o CMakeFiles/cmTC_0e3a8.dir/CheckFunctionExists.c.o -c /usr/share/cmake-3.22/Modules/CheckFunctionExists.c
Linking C executable cmTC_0e3a8
/usr/bin/cmake -E cmake_link_script CMakeFiles/cmTC_0e3a8.dir/link.txt --verbose=1
/usr/bin/cc  -DCHECK_FUNCTION_EXISTS=shl_load CMakeFiles/cmTC_0e3a8.dir/CheckFunctionExists.c.o -o cmTC_0e3a8  -ldld 
/usr/bin/ld: cannot find -ldld: No such file or directory
collect2: error: ld returned 1 exit status
gmake[1]: *** [CMakeFiles/cmTC_0e3a8.dir/build.make:99: cmTC_0e3a8] Error 1
gmake[1]: Leaving directory '/home/berry/Downloads/libxml2/build/CMakeFiles/CMakeTmp'
gmake: *** [Makefile:127: cmTC_0e3a8/fast] Error 2



Performing C SOURCE FILE Test FLAG_UNDEFINED_VERSION failed with the following output:
Change Dir: /home/berry/Downloads/libxml2/build/CMakeFiles/CMakeTmp

Run Build Command(s):/usr/bin/gmake -f Makefile cmTC_ed49b/fast && /usr/bin/gmake  -f CMakeFiles/cmTC_ed49b.dir/build.make CMakeFiles/cmTC_ed49b.dir/build
gmake[1]: Entering directory '/home/berry/Downloads/libxml2/build/CMakeFiles/CMakeTmp'
Building C object CMakeFiles/cmTC_ed49b.dir/src.c.o
/usr/bin/cc -DFLAG_UNDEFINED_VERSION  -pedantic -Wall -Wextra -Wshadow -Wpointer-arith -Wcast-align -Wwrite-strings -Wstrict-prototypes -Wmissing-prototypes -Wno-long-long -Wno-format-extra-args  -o CMakeFiles/cmTC_ed49b.dir/src.c.o -c /home/berry/Downloads/libxml2/build/CMakeFiles/CMakeTmp/src.c
/home/berry/Downloads/libxml2/build/CMakeFiles/CMakeTmp/src.c:1:5: warning: function declaration isn't a prototype [-Wstrict-prototypes]
    1 | int main() { return 0; }
      |     ^~~~
Linking C executable cmTC_ed49b
/usr/bin/cmake -E cmake_link_script CMakeFiles/cmTC_ed49b.dir/link.txt --verbose=1
/usr/bin/cc  -pedantic -Wall -Wextra -Wshadow -Wpointer-arith -Wcast-align -Wwrite-strings -Wstrict-prototypes -Wmissing-prototypes -Wno-long-long -Wno-format-extra-args  -Wl,--undefined-version CMakeFiles/cmTC_ed49b.dir/src.c.o -o cmTC_ed49b 
/usr/bin/ld: unrecognized option '--undefined-version'
/usr/bin/ld: use the --help option for usage information
collect2: error: ld returned 1 exit status
gmake[1]: *** [CMakeFiles/cmTC_ed49b.dir/build.make:99: cmTC_ed49b] Error 1
gmake[1]: Leaving directory '/home/berry/Downloads/libxml2/build/CMakeFiles/CMakeTmp'
gmake: *** [Makefile:127: cmTC_ed49b/fast] Error 2


Source file was:
int main() { return 0; }
